2020-11-22 18:00:06,581:INFO:Namespace(batch_size=16, lr=0.001, max_epochs=10, model_dir='experiments/bert', patience=5, restore_file='None', seed=100, shuffle=False, val_split=0.2)
2020-11-22 18:00:49,209:INFO:Restoring parameters from experiments/bert/None.pth.tar
2020-11-22 18:00:49,820:INFO:{'epoch': 0, 'batch': 0, 'train_loss': '0.8027'}
2020-11-22 18:01:13,848:INFO:{'epoch': 0, 'batch': 100, 'train_loss': '0.5904'}
2020-11-22 18:01:38,381:INFO:{'epoch': 0, 'batch': 200, 'train_loss': '0.3872'}
2020-11-22 18:02:03,293:INFO:{'epoch': 0, 'batch': 300, 'train_loss': '0.2473'}
2020-11-22 18:02:28,470:INFO:{'epoch': 0, 'batch': 400, 'train_loss': '0.3475'}
2020-11-22 18:02:53,748:INFO:{'epoch': 0, 'batch': 500, 'train_loss': '0.2540'}
2020-11-22 18:03:19,650:INFO:{'epoch': 0, 'batch': 600, 'train_loss': '0.2596'}
2020-11-22 18:03:46,100:INFO:{'epoch': 0, 'batch': 700, 'train_loss': '0.1077'}
2020-11-22 18:04:12,577:INFO:{'epoch': 0, 'batch': 800, 'train_loss': '0.4992'}
2020-11-22 18:04:39,108:INFO:{'epoch': 0, 'batch': 900, 'train_loss': '0.2659'}
2020-11-22 18:05:05,700:INFO:{'epoch': 0, 'batch': 1000, 'train_loss': '0.5158'}
2020-11-22 18:05:32,316:INFO:{'epoch': 0, 'batch': 1100, 'train_loss': '0.2476'}
2020-11-22 18:05:58,965:INFO:{'epoch': 0, 'batch': 1200, 'train_loss': '0.5523'}
2020-11-22 18:06:25,621:INFO:{'epoch': 0, 'batch': 1300, 'train_loss': '0.2636'}
2020-11-22 18:06:52,274:INFO:{'epoch': 0, 'batch': 1400, 'train_loss': '0.1728'}
2020-11-22 18:07:18,948:INFO:{'epoch': 0, 'batch': 1500, 'train_loss': '0.0794'}
2020-11-22 18:07:45,609:INFO:{'epoch': 0, 'batch': 1600, 'train_loss': '0.5346'}
2020-11-22 18:08:12,257:INFO:{'epoch': 0, 'batch': 1700, 'train_loss': '0.3960'}
2020-11-22 18:08:38,937:INFO:{'epoch': 0, 'batch': 1800, 'train_loss': '0.2557'}
2020-11-22 18:09:05,619:INFO:{'epoch': 0, 'batch': 1900, 'train_loss': '0.1185'}
2020-11-22 18:09:32,315:INFO:{'epoch': 0, 'batch': 2000, 'train_loss': '0.2295'}
2020-11-22 18:09:59,033:INFO:{'epoch': 0, 'batch': 2100, 'train_loss': '0.3843'}
2020-11-22 18:10:25,459:INFO:{'epoch': 0, 'batch': 2200, 'train_loss': '0.6913'}
2020-11-22 18:10:51,116:INFO:{'epoch': 0, 'batch': 2300, 'train_loss': '0.3702'}
2020-11-22 18:11:16,714:INFO:{'epoch': 0, 'batch': 2400, 'train_loss': '0.2606'}
2020-11-22 18:11:42,337:INFO:{'epoch': 0, 'batch': 2500, 'train_loss': '0.2214'}
2020-11-22 18:12:07,949:INFO:{'epoch': 0, 'batch': 2600, 'train_loss': '0.0985'}
2020-11-22 18:12:33,520:INFO:{'epoch': 0, 'batch': 2700, 'train_loss': '0.3709'}
2020-11-22 18:12:59,129:INFO:{'epoch': 0, 'batch': 2800, 'train_loss': '0.4256'}
2020-11-22 18:13:24,728:INFO:{'epoch': 0, 'batch': 2900, 'train_loss': '0.2747'}
2020-11-22 18:13:50,330:INFO:{'epoch': 0, 'batch': 3000, 'train_loss': '0.2076'}
2020-11-22 18:14:15,925:INFO:{'epoch': 0, 'batch': 3100, 'train_loss': '0.7341'}
2020-11-22 18:14:41,528:INFO:{'epoch': 0, 'batch': 3200, 'train_loss': '0.5194'}
2020-11-22 18:15:07,170:INFO:{'epoch': 0, 'batch': 3300, 'train_loss': '0.1596'}
2020-11-22 18:15:32,731:INFO:{'epoch': 0, 'batch': 3400, 'train_loss': '0.1164'}
2020-11-22 18:15:58,341:INFO:{'epoch': 0, 'batch': 3500, 'train_loss': '0.6404'}
2020-11-22 18:16:23,929:INFO:{'epoch': 0, 'batch': 3600, 'train_loss': '0.0937'}
2020-11-22 18:16:49,532:INFO:{'epoch': 0, 'batch': 3700, 'train_loss': '0.1414'}
2020-11-22 18:17:15,136:INFO:{'epoch': 0, 'batch': 3800, 'train_loss': '0.2328'}
2020-11-22 18:17:40,731:INFO:{'epoch': 0, 'batch': 3900, 'train_loss': '0.4042'}
2020-11-22 18:18:06,366:INFO:{'epoch': 0, 'batch': 4000, 'train_loss': '0.3382'}
2020-11-22 18:18:31,944:INFO:{'epoch': 0, 'batch': 4100, 'train_loss': '0.3672'}
2020-11-22 18:18:57,515:INFO:{'epoch': 0, 'batch': 4200, 'train_loss': '0.4046'}
2020-11-22 18:19:23,128:INFO:{'epoch': 0, 'batch': 4300, 'train_loss': '0.3946'}
2020-11-22 18:19:48,735:INFO:{'epoch': 0, 'batch': 4400, 'train_loss': '0.2500'}
2020-11-22 18:20:14,328:INFO:{'epoch': 0, 'batch': 4500, 'train_loss': '0.2746'}
2020-11-22 18:20:39,920:INFO:{'epoch': 0, 'batch': 4600, 'train_loss': '0.1135'}
2020-11-22 18:21:05,539:INFO:{'epoch': 0, 'batch': 4700, 'train_loss': '0.3629'}
2020-11-22 18:21:31,128:INFO:{'epoch': 0, 'batch': 4800, 'train_loss': '0.4231'}
2020-11-22 18:21:56,732:INFO:{'epoch': 0, 'batch': 4900, 'train_loss': '0.2797'}
2020-11-22 18:22:22,324:INFO:{'epoch': 0, 'batch': 5000, 'train_loss': '0.3786'}
2020-11-22 18:22:47,927:INFO:{'epoch': 0, 'batch': 5100, 'train_loss': '0.2598'}
2020-11-22 18:23:13,541:INFO:{'epoch': 0, 'batch': 5200, 'train_loss': '0.6433'}
2020-11-22 18:23:39,121:INFO:{'epoch': 0, 'batch': 5300, 'train_loss': '0.2326'}
2020-11-22 18:24:04,746:INFO:{'epoch': 0, 'batch': 5400, 'train_loss': '0.4160'}
2020-11-22 18:24:30,337:INFO:{'epoch': 0, 'batch': 5500, 'train_loss': '0.2774'}
2020-11-22 18:24:55,924:INFO:{'epoch': 0, 'batch': 5600, 'train_loss': '0.5161'}
2020-11-22 18:25:21,538:INFO:{'epoch': 0, 'batch': 5700, 'train_loss': '0.3949'}
2020-11-22 18:25:47,128:INFO:{'epoch': 0, 'batch': 5800, 'train_loss': '0.5083'}
2020-11-22 18:26:12,723:INFO:{'epoch': 0, 'batch': 5900, 'train_loss': '0.2396'}
2020-11-22 18:26:38,342:INFO:{'epoch': 0, 'batch': 6000, 'train_loss': '0.2128'}
2020-11-22 18:27:03,934:INFO:{'epoch': 0, 'batch': 6100, 'train_loss': '0.4451'}
2020-11-22 18:27:29,534:INFO:{'epoch': 0, 'batch': 6200, 'train_loss': '0.2134'}
2020-11-22 18:27:49,510:INFO:{'epoch': 0, 'train_loss': '0.3532', 'accuracy': '0.891'}
2020-11-23 09:55:34,293:INFO:Namespace(batch_size=16, lr=0.001, max_epochs=10, model_dir='experiments/bert', patience=5, restore_file='None', seed=100, shuffle=False, val_split=0.2)
2020-11-23 09:56:17,397:INFO:Restoring parameters from experiments/bert/None.pth.tar
2020-11-23 09:58:25,563:INFO:{'epoch': 0, 'val_loss': '0.7292', 'accuracy': '0.382'}
2020-11-23 10:24:24,039:INFO:Namespace(batch_size=16, lr=0.001, max_epochs=30, model_dir='experiments/bert', patience=5, restore_file='last', seed=100, shuffle=False, val_split=0.2)
2020-11-23 10:25:07,683:INFO:Restoring parameters from experiments/bert/last.pth.tar
2020-11-23 10:25:08,420:INFO:{'epoch': 0, 'batch': 0, 'train_loss': '0.8027'}
2020-11-23 10:25:33,610:INFO:{'epoch': 0, 'batch': 100, 'train_loss': '0.5904'}
2020-11-23 10:25:59,310:INFO:{'epoch': 0, 'batch': 200, 'train_loss': '0.3872'}
2020-11-23 10:26:25,390:INFO:{'epoch': 0, 'batch': 300, 'train_loss': '0.2473'}
2020-11-23 10:26:51,652:INFO:{'epoch': 0, 'batch': 400, 'train_loss': '0.3475'}
2020-11-23 10:27:17,927:INFO:{'epoch': 0, 'batch': 500, 'train_loss': '0.2540'}
2020-11-23 10:27:44,266:INFO:{'epoch': 0, 'batch': 600, 'train_loss': '0.2596'}
2020-11-23 10:28:10,674:INFO:{'epoch': 0, 'batch': 700, 'train_loss': '0.1077'}
2020-11-23 10:28:37,199:INFO:{'epoch': 0, 'batch': 800, 'train_loss': '0.4992'}
2020-11-23 10:29:05,159:INFO:{'epoch': 0, 'batch': 900, 'train_loss': '0.2659'}
2020-11-23 10:29:31,682:INFO:{'epoch': 0, 'batch': 1000, 'train_loss': '0.5158'}
2020-11-23 10:29:57,518:INFO:{'epoch': 0, 'batch': 1100, 'train_loss': '0.2476'}
2020-11-23 10:30:23,048:INFO:{'epoch': 0, 'batch': 1200, 'train_loss': '0.5523'}
2020-11-23 10:30:48,680:INFO:{'epoch': 0, 'batch': 1300, 'train_loss': '0.2636'}
2020-11-23 10:31:14,288:INFO:{'epoch': 0, 'batch': 1400, 'train_loss': '0.1728'}
2020-11-23 10:31:39,899:INFO:{'epoch': 0, 'batch': 1500, 'train_loss': '0.0794'}
2020-11-23 10:32:05,506:INFO:{'epoch': 0, 'batch': 1600, 'train_loss': '0.5346'}
2020-11-23 10:32:31,074:INFO:{'epoch': 0, 'batch': 1700, 'train_loss': '0.3960'}
2020-11-23 10:32:56,679:INFO:{'epoch': 0, 'batch': 1800, 'train_loss': '0.2557'}
2020-11-23 10:33:22,297:INFO:{'epoch': 0, 'batch': 1900, 'train_loss': '0.1185'}
2020-11-23 10:33:47,892:INFO:{'epoch': 0, 'batch': 2000, 'train_loss': '0.2295'}
2020-11-23 10:34:13,531:INFO:{'epoch': 0, 'batch': 2100, 'train_loss': '0.3843'}
2020-11-23 10:34:39,088:INFO:{'epoch': 0, 'batch': 2200, 'train_loss': '0.6913'}
2020-11-23 10:35:04,699:INFO:{'epoch': 0, 'batch': 2300, 'train_loss': '0.3702'}
2020-11-23 10:35:30,287:INFO:{'epoch': 0, 'batch': 2400, 'train_loss': '0.2606'}
2020-11-23 10:35:55,879:INFO:{'epoch': 0, 'batch': 2500, 'train_loss': '0.2214'}
2020-11-23 10:36:21,507:INFO:{'epoch': 0, 'batch': 2600, 'train_loss': '0.0985'}
2020-11-23 10:36:47,675:INFO:{'epoch': 0, 'batch': 2700, 'train_loss': '0.3709'}
2020-11-23 10:37:13,209:INFO:{'epoch': 0, 'batch': 2800, 'train_loss': '0.4256'}
2020-11-23 10:37:38,798:INFO:{'epoch': 0, 'batch': 2900, 'train_loss': '0.2747'}
2020-11-23 10:38:05,142:INFO:{'epoch': 0, 'batch': 3000, 'train_loss': '0.2076'}
2020-11-23 10:38:31,705:INFO:{'epoch': 0, 'batch': 3100, 'train_loss': '0.7341'}
2020-11-23 10:38:57,909:INFO:{'epoch': 0, 'batch': 3200, 'train_loss': '0.5194'}
2020-11-23 10:39:23,525:INFO:{'epoch': 0, 'batch': 3300, 'train_loss': '0.1596'}
2020-11-23 10:39:49,562:INFO:{'epoch': 0, 'batch': 3400, 'train_loss': '0.1164'}
2020-11-23 10:40:15,865:INFO:{'epoch': 0, 'batch': 3500, 'train_loss': '0.6404'}
2020-11-23 10:40:42,095:INFO:{'epoch': 0, 'batch': 3600, 'train_loss': '0.0937'}
2020-11-23 10:41:08,322:INFO:{'epoch': 0, 'batch': 3700, 'train_loss': '0.1414'}
2020-11-23 10:41:34,584:INFO:{'epoch': 0, 'batch': 3800, 'train_loss': '0.2328'}
2020-11-23 10:42:00,856:INFO:{'epoch': 0, 'batch': 3900, 'train_loss': '0.4042'}
2020-11-23 10:42:27,134:INFO:{'epoch': 0, 'batch': 4000, 'train_loss': '0.3382'}
2020-11-23 10:42:53,375:INFO:{'epoch': 0, 'batch': 4100, 'train_loss': '0.3672'}
2020-11-23 10:43:19,619:INFO:{'epoch': 0, 'batch': 4200, 'train_loss': '0.4046'}
2020-11-23 10:43:45,385:INFO:{'epoch': 0, 'batch': 4300, 'train_loss': '0.3946'}
2020-11-23 10:44:10,966:INFO:{'epoch': 0, 'batch': 4400, 'train_loss': '0.2500'}
2020-11-23 10:44:36,672:INFO:{'epoch': 0, 'batch': 4500, 'train_loss': '0.2746'}
2020-11-23 10:45:02,688:INFO:{'epoch': 0, 'batch': 4600, 'train_loss': '0.1135'}
2020-11-23 10:45:28,337:INFO:{'epoch': 0, 'batch': 4700, 'train_loss': '0.3629'}
2020-11-23 10:45:53,919:INFO:{'epoch': 0, 'batch': 4800, 'train_loss': '0.4231'}
2020-11-23 10:46:20,022:INFO:{'epoch': 0, 'batch': 4900, 'train_loss': '0.2797'}
2020-11-23 10:46:46,753:INFO:{'epoch': 0, 'batch': 5000, 'train_loss': '0.3786'}
2020-11-23 10:47:13,406:INFO:{'epoch': 0, 'batch': 5100, 'train_loss': '0.2598'}
2020-11-23 10:47:40,069:INFO:{'epoch': 0, 'batch': 5200, 'train_loss': '0.6433'}
2020-11-23 10:48:06,805:INFO:{'epoch': 0, 'batch': 5300, 'train_loss': '0.2326'}
2020-11-23 10:48:33,528:INFO:{'epoch': 0, 'batch': 5400, 'train_loss': '0.4160'}
2020-11-23 10:49:00,255:INFO:{'epoch': 0, 'batch': 5500, 'train_loss': '0.2774'}
2020-11-23 10:49:26,962:INFO:{'epoch': 0, 'batch': 5600, 'train_loss': '0.5161'}
2020-11-23 10:49:53,678:INFO:{'epoch': 0, 'batch': 5700, 'train_loss': '0.3949'}
2020-11-23 10:50:20,420:INFO:{'epoch': 0, 'batch': 5800, 'train_loss': '0.5083'}
2020-11-23 10:50:47,134:INFO:{'epoch': 0, 'batch': 5900, 'train_loss': '0.2396'}
2020-11-23 10:51:13,864:INFO:{'epoch': 0, 'batch': 6000, 'train_loss': '0.2128'}
2020-11-23 10:51:40,578:INFO:{'epoch': 0, 'batch': 6100, 'train_loss': '0.4451'}
2020-11-23 10:52:07,303:INFO:{'epoch': 0, 'batch': 6200, 'train_loss': '0.2134'}
2020-11-23 10:52:27,710:INFO:{'epoch': 0, 'train_loss': '0.3532', 'accuracy': '0.891'}
2020-11-23 10:54:38,548:INFO:{'epoch': 0, 'val_loss': '0.3426', 'accuracy': '0.893'}
2020-11-23 10:54:41,423:INFO:- Found new best accuracy
2020-11-23 10:54:41,848:INFO:{'epoch': 1, 'batch': 0, 'train_loss': '0.1027'}
2020-11-23 10:55:07,501:INFO:{'epoch': 1, 'batch': 100, 'train_loss': '0.7128'}
2020-11-23 10:55:33,216:INFO:{'epoch': 1, 'batch': 200, 'train_loss': '0.5084'}
2020-11-23 10:55:58,846:INFO:{'epoch': 1, 'batch': 300, 'train_loss': '0.2313'}
2020-11-23 10:56:25,039:INFO:{'epoch': 1, 'batch': 400, 'train_loss': '0.3702'}
2020-11-23 10:56:51,766:INFO:{'epoch': 1, 'batch': 500, 'train_loss': '0.7265'}
2020-11-23 10:57:18,501:INFO:{'epoch': 1, 'batch': 600, 'train_loss': '0.5181'}
2020-11-23 10:57:44,567:INFO:{'epoch': 1, 'batch': 700, 'train_loss': '0.5040'}
2020-11-23 10:58:10,181:INFO:{'epoch': 1, 'batch': 800, 'train_loss': '0.3873'}
2020-11-23 10:58:35,778:INFO:{'epoch': 1, 'batch': 900, 'train_loss': '0.1334'}
2020-11-23 10:59:01,369:INFO:{'epoch': 1, 'batch': 1000, 'train_loss': '0.8779'}
2020-11-23 10:59:26,985:INFO:{'epoch': 1, 'batch': 1100, 'train_loss': '0.3711'}
2020-11-23 10:59:52,583:INFO:{'epoch': 1, 'batch': 1200, 'train_loss': '0.3910'}
2020-11-23 11:00:18,174:INFO:{'epoch': 1, 'batch': 1300, 'train_loss': '0.2520'}
2020-11-23 11:00:43,780:INFO:{'epoch': 1, 'batch': 1400, 'train_loss': '0.0831'}
2020-11-23 11:01:09,362:INFO:{'epoch': 1, 'batch': 1500, 'train_loss': '0.3886'}
2020-11-23 11:01:34,987:INFO:{'epoch': 1, 'batch': 1600, 'train_loss': '0.2660'}
2020-11-23 11:02:00,572:INFO:{'epoch': 1, 'batch': 1700, 'train_loss': '0.5073'}
2020-11-23 11:02:26,164:INFO:{'epoch': 1, 'batch': 1800, 'train_loss': '0.3923'}
2020-11-23 11:02:51,804:INFO:{'epoch': 1, 'batch': 1900, 'train_loss': '0.4939'}
2020-11-23 11:03:17,367:INFO:{'epoch': 1, 'batch': 2000, 'train_loss': '0.2442'}
2020-11-23 11:03:42,977:INFO:{'epoch': 1, 'batch': 2100, 'train_loss': '0.3951'}
2020-11-23 11:04:08,578:INFO:{'epoch': 1, 'batch': 2200, 'train_loss': '0.3446'}
2020-11-23 11:04:34,154:INFO:{'epoch': 1, 'batch': 2300, 'train_loss': '0.3777'}
2020-11-23 11:04:59,784:INFO:{'epoch': 1, 'batch': 2400, 'train_loss': '0.4045'}
2020-11-23 11:05:25,411:INFO:{'epoch': 1, 'batch': 2500, 'train_loss': '0.6018'}
2020-11-23 11:05:51,115:INFO:{'epoch': 1, 'batch': 2600, 'train_loss': '0.2779'}
2020-11-23 11:06:17,878:INFO:{'epoch': 1, 'batch': 2700, 'train_loss': '0.2481'}
2020-11-23 11:06:44,445:INFO:{'epoch': 1, 'batch': 2800, 'train_loss': '0.4026'}
2020-11-23 11:07:10,061:INFO:{'epoch': 1, 'batch': 2900, 'train_loss': '0.2766'}
2020-11-23 11:07:36,528:INFO:{'epoch': 1, 'batch': 3000, 'train_loss': '0.3726'}
2020-11-23 11:08:03,075:INFO:{'epoch': 1, 'batch': 3100, 'train_loss': '0.2547'}
2020-11-23 11:08:28,678:INFO:{'epoch': 1, 'batch': 3200, 'train_loss': '0.1306'}
2020-11-23 11:08:54,269:INFO:{'epoch': 1, 'batch': 3300, 'train_loss': '0.6946'}
2020-11-23 11:09:19,871:INFO:{'epoch': 1, 'batch': 3400, 'train_loss': '0.4268'}
2020-11-23 11:09:45,483:INFO:{'epoch': 1, 'batch': 3500, 'train_loss': '0.1041'}
2020-11-23 11:10:11,258:INFO:{'epoch': 1, 'batch': 3600, 'train_loss': '0.8249'}
2020-11-23 11:10:37,168:INFO:{'epoch': 1, 'batch': 3700, 'train_loss': '0.2325'}
2020-11-23 11:11:02,781:INFO:{'epoch': 1, 'batch': 3800, 'train_loss': '0.2597'}
2020-11-23 11:11:28,384:INFO:{'epoch': 1, 'batch': 3900, 'train_loss': '0.4934'}
2020-11-23 11:11:53,968:INFO:{'epoch': 1, 'batch': 4000, 'train_loss': '0.1446'}
2020-11-23 11:12:19,570:INFO:{'epoch': 1, 'batch': 4100, 'train_loss': '0.3017'}
2020-11-23 11:12:45,176:INFO:{'epoch': 1, 'batch': 4200, 'train_loss': '0.2638'}
2020-11-23 11:13:10,785:INFO:{'epoch': 1, 'batch': 4300, 'train_loss': '0.6238'}
2020-11-23 11:13:36,378:INFO:{'epoch': 1, 'batch': 4400, 'train_loss': '0.5146'}
2020-11-23 11:14:01,992:INFO:{'epoch': 1, 'batch': 4500, 'train_loss': '0.2529'}
2020-11-23 11:14:27,581:INFO:{'epoch': 1, 'batch': 4600, 'train_loss': '0.2373'}
2020-11-23 11:14:53,182:INFO:{'epoch': 1, 'batch': 4700, 'train_loss': '0.2325'}
2020-11-23 11:15:18,781:INFO:{'epoch': 1, 'batch': 4800, 'train_loss': '0.2634'}
2020-11-23 11:15:44,402:INFO:{'epoch': 1, 'batch': 4900, 'train_loss': '0.3620'}
2020-11-23 11:16:09,976:INFO:{'epoch': 1, 'batch': 5000, 'train_loss': '0.5267'}
2020-11-23 11:16:35,579:INFO:{'epoch': 1, 'batch': 5100, 'train_loss': '0.2714'}
2020-11-23 11:17:01,202:INFO:{'epoch': 1, 'batch': 5200, 'train_loss': '0.3611'}
2020-11-23 11:17:26,784:INFO:{'epoch': 1, 'batch': 5300, 'train_loss': '0.2584'}
2020-11-23 11:17:52,386:INFO:{'epoch': 1, 'batch': 5400, 'train_loss': '0.5471'}
2020-11-23 11:18:18,005:INFO:{'epoch': 1, 'batch': 5500, 'train_loss': '0.5084'}
2020-11-23 11:18:43,591:INFO:{'epoch': 1, 'batch': 5600, 'train_loss': '0.3633'}
2020-11-23 11:19:09,197:INFO:{'epoch': 1, 'batch': 5700, 'train_loss': '0.5113'}
2020-11-23 11:19:34,782:INFO:{'epoch': 1, 'batch': 5800, 'train_loss': '0.3848'}
2020-11-23 11:20:00,417:INFO:{'epoch': 1, 'batch': 5900, 'train_loss': '0.3461'}
2020-11-23 11:20:26,082:INFO:{'epoch': 1, 'batch': 6000, 'train_loss': '0.4084'}
2020-11-23 11:20:52,806:INFO:{'epoch': 1, 'batch': 6100, 'train_loss': '0.3794'}
2020-11-23 11:21:19,532:INFO:{'epoch': 1, 'batch': 6200, 'train_loss': '0.3721'}
2020-11-23 11:21:40,401:INFO:{'epoch': 1, 'train_loss': '0.3495', 'accuracy': '0.891'}
2020-11-23 11:23:51,300:INFO:{'epoch': 1, 'val_loss': '0.3542', 'accuracy': '0.893'}
2020-11-23 11:23:53,812:INFO:{'epoch': 2, 'batch': 0, 'train_loss': '0.2514'}
2020-11-23 11:24:20,492:INFO:{'epoch': 2, 'batch': 100, 'train_loss': '0.2729'}
2020-11-23 11:24:47,192:INFO:{'epoch': 2, 'batch': 200, 'train_loss': '0.3679'}
2020-11-23 11:25:13,894:INFO:{'epoch': 2, 'batch': 300, 'train_loss': '0.3917'}
2020-11-23 11:25:40,602:INFO:{'epoch': 2, 'batch': 400, 'train_loss': '0.4938'}
2020-11-23 11:26:07,308:INFO:{'epoch': 2, 'batch': 500, 'train_loss': '0.3742'}
2020-11-23 11:26:34,024:INFO:{'epoch': 2, 'batch': 600, 'train_loss': '0.2379'}
2020-11-23 11:27:00,725:INFO:{'epoch': 2, 'batch': 700, 'train_loss': '0.6981'}
2020-11-23 11:27:27,454:INFO:{'epoch': 2, 'batch': 800, 'train_loss': '0.1327'}
2020-11-23 11:27:54,163:INFO:{'epoch': 2, 'batch': 900, 'train_loss': '0.6324'}
2020-11-23 11:28:20,882:INFO:{'epoch': 2, 'batch': 1000, 'train_loss': '0.1118'}
2020-11-23 11:28:47,621:INFO:{'epoch': 2, 'batch': 1100, 'train_loss': '0.1013'}
2020-11-23 11:29:14,348:INFO:{'epoch': 2, 'batch': 1200, 'train_loss': '0.4130'}
2020-11-23 11:29:41,083:INFO:{'epoch': 2, 'batch': 1300, 'train_loss': '0.3748'}
2020-11-23 11:30:06,824:INFO:{'epoch': 2, 'batch': 1400, 'train_loss': '0.2348'}
2020-11-23 11:30:32,458:INFO:{'epoch': 2, 'batch': 1500, 'train_loss': '0.2556'}
2020-11-23 11:30:58,045:INFO:{'epoch': 2, 'batch': 1600, 'train_loss': '0.3482'}
2020-11-23 11:31:23,659:INFO:{'epoch': 2, 'batch': 1700, 'train_loss': '0.2767'}
2020-11-23 11:31:49,239:INFO:{'epoch': 2, 'batch': 1800, 'train_loss': '0.2521'}
2020-11-23 11:32:14,854:INFO:{'epoch': 2, 'batch': 1900, 'train_loss': '0.3784'}
2020-11-23 11:32:40,435:INFO:{'epoch': 2, 'batch': 2000, 'train_loss': '0.2490'}
2020-11-23 11:33:06,044:INFO:{'epoch': 2, 'batch': 2100, 'train_loss': '0.3964'}
2020-11-23 11:33:31,639:INFO:{'epoch': 2, 'batch': 2200, 'train_loss': '0.1037'}
2020-11-23 11:33:57,244:INFO:{'epoch': 2, 'batch': 2300, 'train_loss': '0.8850'}
2020-11-23 11:34:22,858:INFO:{'epoch': 2, 'batch': 2400, 'train_loss': '0.3662'}
2020-11-23 11:34:48,480:INFO:{'epoch': 2, 'batch': 2500, 'train_loss': '0.2391'}
2020-11-23 11:35:14,088:INFO:{'epoch': 2, 'batch': 2600, 'train_loss': '0.2234'}
2020-11-23 11:35:39,719:INFO:{'epoch': 2, 'batch': 2700, 'train_loss': '0.3641'}
2020-11-23 11:36:05,253:INFO:{'epoch': 2, 'batch': 2800, 'train_loss': '0.2654'}
2020-11-23 11:36:31,567:INFO:{'epoch': 2, 'batch': 2900, 'train_loss': '0.4043'}
2020-11-23 11:36:58,296:INFO:{'epoch': 2, 'batch': 3000, 'train_loss': '0.3977'}
2020-11-23 11:37:25,008:INFO:{'epoch': 2, 'batch': 3100, 'train_loss': '0.4818'}
2020-11-23 11:37:51,713:INFO:{'epoch': 2, 'batch': 3200, 'train_loss': '0.0985'}
2020-11-23 11:38:18,429:INFO:{'epoch': 2, 'batch': 3300, 'train_loss': '0.2378'}
2020-11-23 11:38:45,141:INFO:{'epoch': 2, 'batch': 3400, 'train_loss': '0.6765'}
2020-11-23 11:39:11,861:INFO:{'epoch': 2, 'batch': 3500, 'train_loss': '0.2367'}
2020-11-23 11:39:38,573:INFO:{'epoch': 2, 'batch': 3600, 'train_loss': '0.4103'}
2020-11-23 11:40:05,296:INFO:{'epoch': 2, 'batch': 3700, 'train_loss': '0.3829'}
2020-11-23 11:40:31,982:INFO:{'epoch': 2, 'batch': 3800, 'train_loss': '0.2652'}
2020-11-23 11:40:58,679:INFO:{'epoch': 2, 'batch': 3900, 'train_loss': '0.9431'}
2020-11-23 11:41:25,387:INFO:{'epoch': 2, 'batch': 4000, 'train_loss': '0.3865'}
2020-11-23 11:41:52,106:INFO:{'epoch': 2, 'batch': 4100, 'train_loss': '0.4141'}
2020-11-23 11:42:18,817:INFO:{'epoch': 2, 'batch': 4200, 'train_loss': '0.0927'}
2020-11-23 11:42:45,528:INFO:{'epoch': 2, 'batch': 4300, 'train_loss': '0.2125'}
2020-11-23 11:43:11,702:INFO:{'epoch': 2, 'batch': 4400, 'train_loss': '0.3812'}
2020-11-23 11:43:37,330:INFO:{'epoch': 2, 'batch': 4500, 'train_loss': '0.5364'}
2020-11-23 11:44:02,945:INFO:{'epoch': 2, 'batch': 4600, 'train_loss': '0.5215'}
2020-11-23 11:44:28,551:INFO:{'epoch': 2, 'batch': 4700, 'train_loss': '0.5512'}
2020-11-23 11:44:54,139:INFO:{'epoch': 2, 'batch': 4800, 'train_loss': '0.4008'}
2020-11-23 11:45:19,736:INFO:{'epoch': 2, 'batch': 4900, 'train_loss': '0.5123'}
2020-11-23 11:45:45,335:INFO:{'epoch': 2, 'batch': 5000, 'train_loss': '0.3464'}
2020-11-23 11:46:10,951:INFO:{'epoch': 2, 'batch': 5100, 'train_loss': '0.2487'}
2020-11-23 11:46:36,552:INFO:{'epoch': 2, 'batch': 5200, 'train_loss': '0.5810'}
2020-11-23 11:47:02,167:INFO:{'epoch': 2, 'batch': 5300, 'train_loss': '0.4981'}
2020-11-23 11:47:27,736:INFO:{'epoch': 2, 'batch': 5400, 'train_loss': '0.5020'}
2020-11-23 11:47:53,355:INFO:{'epoch': 2, 'batch': 5500, 'train_loss': '0.5333'}
2020-11-23 11:48:18,960:INFO:{'epoch': 2, 'batch': 5600, 'train_loss': '0.1267'}
2020-11-23 11:48:44,522:INFO:{'epoch': 2, 'batch': 5700, 'train_loss': '0.2572'}
2020-11-23 11:49:10,044:INFO:{'epoch': 2, 'batch': 5800, 'train_loss': '0.3953'}
2020-11-23 11:49:35,691:INFO:{'epoch': 2, 'batch': 5900, 'train_loss': '0.2326'}
2020-11-23 11:50:01,389:INFO:{'epoch': 2, 'batch': 6000, 'train_loss': '0.3757'}
2020-11-23 11:50:27,189:INFO:{'epoch': 2, 'batch': 6100, 'train_loss': '0.1309'}
2020-11-23 11:50:53,305:INFO:{'epoch': 2, 'batch': 6200, 'train_loss': '0.2330'}
2020-11-23 11:51:13,496:INFO:{'epoch': 2, 'train_loss': '0.3487', 'accuracy': '0.891'}
2020-11-23 11:53:24,379:INFO:{'epoch': 2, 'val_loss': '0.3448', 'accuracy': '0.893'}
2020-11-23 11:53:26,924:INFO:{'epoch': 3, 'batch': 0, 'train_loss': '0.2691'}
2020-11-23 11:53:52,955:INFO:{'epoch': 3, 'batch': 100, 'train_loss': '0.0729'}
2020-11-23 11:54:18,770:INFO:{'epoch': 3, 'batch': 200, 'train_loss': '0.1315'}
2020-11-23 11:54:44,903:INFO:{'epoch': 3, 'batch': 300, 'train_loss': '0.2616'}
2020-11-23 11:55:11,049:INFO:{'epoch': 3, 'batch': 400, 'train_loss': '0.4718'}
2020-11-23 11:55:36,871:INFO:{'epoch': 3, 'batch': 500, 'train_loss': '0.3831'}
2020-11-23 11:56:02,607:INFO:{'epoch': 3, 'batch': 600, 'train_loss': '0.3667'}
2020-11-23 11:56:28,404:INFO:{'epoch': 3, 'batch': 700, 'train_loss': '0.3822'}
2020-11-23 11:56:54,495:INFO:{'epoch': 3, 'batch': 800, 'train_loss': '0.3828'}
2020-11-23 11:57:20,134:INFO:{'epoch': 3, 'batch': 900, 'train_loss': '0.1426'}
2020-11-23 11:57:45,759:INFO:{'epoch': 3, 'batch': 1000, 'train_loss': '0.3434'}
2020-11-23 11:58:11,329:INFO:{'epoch': 3, 'batch': 1100, 'train_loss': '0.1084'}
2020-11-23 11:58:36,998:INFO:{'epoch': 3, 'batch': 1200, 'train_loss': '0.0795'}
2020-11-23 11:59:02,742:INFO:{'epoch': 3, 'batch': 1300, 'train_loss': '0.2633'}
2020-11-23 11:59:28,557:INFO:{'epoch': 3, 'batch': 1400, 'train_loss': '0.2563'}
2020-11-23 11:59:54,135:INFO:{'epoch': 3, 'batch': 1500, 'train_loss': '0.6159'}
2020-11-23 12:00:19,929:INFO:{'epoch': 3, 'batch': 1600, 'train_loss': '0.4416'}
2020-11-23 12:00:45,955:INFO:{'epoch': 3, 'batch': 1700, 'train_loss': '0.2063'}
2020-11-23 12:01:11,537:INFO:{'epoch': 3, 'batch': 1800, 'train_loss': '0.6548'}
2020-11-23 12:01:37,240:INFO:{'epoch': 3, 'batch': 1900, 'train_loss': '0.0841'}
2020-11-23 12:02:02,996:INFO:{'epoch': 3, 'batch': 2000, 'train_loss': '0.3814'}
2020-11-23 12:02:28,808:INFO:{'epoch': 3, 'batch': 2100, 'train_loss': '0.4940'}
2020-11-23 12:02:55,013:INFO:{'epoch': 3, 'batch': 2200, 'train_loss': '0.2525'}
2020-11-23 12:03:21,507:INFO:{'epoch': 3, 'batch': 2300, 'train_loss': '0.2445'}
2020-11-23 12:03:47,644:INFO:{'epoch': 3, 'batch': 2400, 'train_loss': '0.3692'}
2020-11-23 12:04:13,840:INFO:{'epoch': 3, 'batch': 2500, 'train_loss': '0.1223'}
2020-11-23 12:04:39,781:INFO:{'epoch': 3, 'batch': 2600, 'train_loss': '0.0786'}
2020-11-23 12:05:05,682:INFO:{'epoch': 3, 'batch': 2700, 'train_loss': '0.2608'}
2020-11-23 12:05:31,311:INFO:{'epoch': 3, 'batch': 2800, 'train_loss': '0.1567'}
2020-11-23 12:05:56,845:INFO:{'epoch': 3, 'batch': 2900, 'train_loss': '0.4924'}
2020-11-23 12:06:22,377:INFO:{'epoch': 3, 'batch': 3000, 'train_loss': '0.0808'}
2020-11-23 12:06:48,237:INFO:{'epoch': 3, 'batch': 3100, 'train_loss': '0.1567'}
2020-11-23 12:07:13,761:INFO:{'epoch': 3, 'batch': 3200, 'train_loss': '0.2309'}
2020-11-23 12:07:39,335:INFO:{'epoch': 3, 'batch': 3300, 'train_loss': '0.0658'}
2020-11-23 12:08:05,130:INFO:{'epoch': 3, 'batch': 3400, 'train_loss': '0.3840'}
2020-11-23 12:08:30,773:INFO:{'epoch': 3, 'batch': 3500, 'train_loss': '0.4886'}
2020-11-23 12:08:56,780:INFO:{'epoch': 3, 'batch': 3600, 'train_loss': '0.4572'}
2020-11-23 12:09:22,721:INFO:{'epoch': 3, 'batch': 3700, 'train_loss': '0.2460'}
2020-11-23 12:09:48,400:INFO:{'epoch': 3, 'batch': 3800, 'train_loss': '0.2426'}
2020-11-23 12:10:14,670:INFO:{'epoch': 3, 'batch': 3900, 'train_loss': '0.7089'}
2020-11-23 12:10:40,665:INFO:{'epoch': 3, 'batch': 4000, 'train_loss': '0.2256'}
2020-11-23 12:11:06,488:INFO:{'epoch': 3, 'batch': 4100, 'train_loss': '0.2878'}
2020-11-23 12:11:32,024:INFO:{'epoch': 3, 'batch': 4200, 'train_loss': '0.1497'}
2020-11-23 12:11:57,699:INFO:{'epoch': 3, 'batch': 4300, 'train_loss': '0.4922'}
2020-11-23 12:12:24,209:INFO:{'epoch': 3, 'batch': 4400, 'train_loss': '0.7484'}
2020-11-23 12:12:50,377:INFO:{'epoch': 3, 'batch': 4500, 'train_loss': '0.3390'}
2020-11-23 12:13:16,920:INFO:{'epoch': 3, 'batch': 4600, 'train_loss': '0.4183'}
2020-11-23 12:13:42,838:INFO:{'epoch': 3, 'batch': 4700, 'train_loss': '0.2640'}
2020-11-23 12:14:09,308:INFO:{'epoch': 3, 'batch': 4800, 'train_loss': '0.3760'}
2020-11-23 12:14:36,752:INFO:{'epoch': 3, 'batch': 4900, 'train_loss': '0.2641'}
2020-11-23 12:15:03,320:INFO:{'epoch': 3, 'batch': 5000, 'train_loss': '0.3355'}
2020-11-23 12:15:29,993:INFO:{'epoch': 3, 'batch': 5100, 'train_loss': '0.1342'}
2020-11-23 12:15:55,771:INFO:{'epoch': 3, 'batch': 5200, 'train_loss': '0.5435'}
2020-11-23 12:16:21,620:INFO:{'epoch': 3, 'batch': 5300, 'train_loss': '0.4149'}
2020-11-23 12:16:47,357:INFO:{'epoch': 3, 'batch': 5400, 'train_loss': '0.2622'}
2020-11-23 12:17:14,131:INFO:{'epoch': 3, 'batch': 5500, 'train_loss': '0.4916'}
2020-11-23 12:17:39,809:INFO:{'epoch': 3, 'batch': 5600, 'train_loss': '0.2316'}
2020-11-23 12:18:06,218:INFO:{'epoch': 3, 'batch': 5700, 'train_loss': '0.4729'}
2020-11-23 12:18:31,786:INFO:{'epoch': 3, 'batch': 5800, 'train_loss': '0.3304'}
2020-11-23 12:18:57,161:INFO:{'epoch': 3, 'batch': 5900, 'train_loss': '0.3476'}
2020-11-23 12:19:22,680:INFO:{'epoch': 3, 'batch': 6000, 'train_loss': '0.0879'}
2020-11-23 12:19:48,937:INFO:{'epoch': 3, 'batch': 6100, 'train_loss': '0.3420'}
2020-11-23 12:20:14,703:INFO:{'epoch': 3, 'batch': 6200, 'train_loss': '0.1156'}
2020-11-23 12:20:34,569:INFO:{'epoch': 3, 'train_loss': '0.3430', 'accuracy': '0.891'}
2020-11-23 12:22:45,004:INFO:{'epoch': 3, 'val_loss': '0.3522', 'accuracy': '0.893'}
2020-11-23 12:22:48,005:INFO:- Found new best accuracy
2020-11-23 12:22:48,444:INFO:{'epoch': 4, 'batch': 0, 'train_loss': '0.3865'}
2020-11-23 12:23:14,010:INFO:{'epoch': 4, 'batch': 100, 'train_loss': '0.3572'}
2020-11-23 12:23:39,806:INFO:{'epoch': 4, 'batch': 200, 'train_loss': '0.2240'}
2020-11-23 12:24:06,411:INFO:{'epoch': 4, 'batch': 300, 'train_loss': '0.3452'}
2020-11-23 12:24:33,002:INFO:{'epoch': 4, 'batch': 400, 'train_loss': '0.3204'}
2020-11-23 12:24:59,587:INFO:{'epoch': 4, 'batch': 500, 'train_loss': '0.4079'}
2020-11-23 12:25:26,186:INFO:{'epoch': 4, 'batch': 600, 'train_loss': '0.5602'}
2020-11-23 12:25:52,770:INFO:{'epoch': 4, 'batch': 700, 'train_loss': '0.2117'}
2020-11-23 12:26:19,103:INFO:{'epoch': 4, 'batch': 800, 'train_loss': '0.3566'}
2020-11-23 12:26:44,707:INFO:{'epoch': 4, 'batch': 900, 'train_loss': '0.2402'}
2020-11-23 12:27:10,298:INFO:{'epoch': 4, 'batch': 1000, 'train_loss': '0.1704'}
2020-11-23 12:27:35,894:INFO:{'epoch': 4, 'batch': 1100, 'train_loss': '0.0898'}
2020-11-23 12:28:01,501:INFO:{'epoch': 4, 'batch': 1200, 'train_loss': '0.2854'}
2020-11-23 12:28:27,095:INFO:{'epoch': 4, 'batch': 1300, 'train_loss': '0.3265'}
2020-11-23 12:28:52,692:INFO:{'epoch': 4, 'batch': 1400, 'train_loss': '0.4327'}
2020-11-23 12:29:18,301:INFO:{'epoch': 4, 'batch': 1500, 'train_loss': '0.7048'}
2020-11-23 12:29:43,901:INFO:{'epoch': 4, 'batch': 1600, 'train_loss': '0.3309'}
2020-11-23 12:30:09,497:INFO:{'epoch': 4, 'batch': 1700, 'train_loss': '0.3270'}
2020-11-23 12:30:35,095:INFO:{'epoch': 4, 'batch': 1800, 'train_loss': '0.5157'}
2020-11-23 12:31:00,706:INFO:{'epoch': 4, 'batch': 1900, 'train_loss': '0.2154'}
2020-11-23 12:31:26,300:INFO:{'epoch': 4, 'batch': 2000, 'train_loss': '0.3082'}
2020-11-23 12:31:51,906:INFO:{'epoch': 4, 'batch': 2100, 'train_loss': '0.2220'}
2020-11-23 12:32:17,499:INFO:{'epoch': 4, 'batch': 2200, 'train_loss': '0.1436'}
2020-11-23 12:32:43,129:INFO:{'epoch': 4, 'batch': 2300, 'train_loss': '0.2032'}
2020-11-23 12:33:08,708:INFO:{'epoch': 4, 'batch': 2400, 'train_loss': '0.2437'}
2020-11-23 12:33:34,301:INFO:{'epoch': 4, 'batch': 2500, 'train_loss': '0.3534'}
2020-11-23 12:33:59,904:INFO:{'epoch': 4, 'batch': 2600, 'train_loss': '0.2537'}
2020-11-23 12:34:25,516:INFO:{'epoch': 4, 'batch': 2700, 'train_loss': '0.3179'}
2020-11-23 12:34:51,104:INFO:{'epoch': 4, 'batch': 2800, 'train_loss': '0.4835'}
2020-11-23 12:35:16,687:INFO:{'epoch': 4, 'batch': 2900, 'train_loss': '0.4277'}
2020-11-23 12:35:42,312:INFO:{'epoch': 4, 'batch': 3000, 'train_loss': '0.6968'}
2020-11-23 12:36:08,724:INFO:{'epoch': 4, 'batch': 3100, 'train_loss': '0.0810'}
2020-11-23 12:36:35,334:INFO:{'epoch': 4, 'batch': 3200, 'train_loss': '0.3811'}
2020-11-23 12:37:01,920:INFO:{'epoch': 4, 'batch': 3300, 'train_loss': '0.1456'}
2020-11-23 12:37:28,501:INFO:{'epoch': 4, 'batch': 3400, 'train_loss': '0.5818'}
2020-11-23 12:37:54,600:INFO:{'epoch': 4, 'batch': 3500, 'train_loss': '0.4004'}
2020-11-23 12:38:20,203:INFO:{'epoch': 4, 'batch': 3600, 'train_loss': '0.2986'}
2020-11-23 12:38:45,854:INFO:{'epoch': 4, 'batch': 3700, 'train_loss': '0.1990'}
2020-11-23 12:39:11,426:INFO:{'epoch': 4, 'batch': 3800, 'train_loss': '0.4596'}
2020-11-23 12:39:37,033:INFO:{'epoch': 4, 'batch': 3900, 'train_loss': '0.1811'}
2020-11-23 12:40:02,624:INFO:{'epoch': 4, 'batch': 4000, 'train_loss': '0.5789'}
2020-11-23 12:40:28,251:INFO:{'epoch': 4, 'batch': 4100, 'train_loss': '0.3949'}
2020-11-23 12:40:53,861:INFO:{'epoch': 4, 'batch': 4200, 'train_loss': '0.2960'}
2020-11-23 12:41:19,458:INFO:{'epoch': 4, 'batch': 4300, 'train_loss': '0.5209'}
2020-11-23 12:41:45,162:INFO:{'epoch': 4, 'batch': 4400, 'train_loss': '0.2508'}
2020-11-23 12:42:11,773:INFO:{'epoch': 4, 'batch': 4500, 'train_loss': '0.2921'}
2020-11-23 12:42:38,368:INFO:{'epoch': 4, 'batch': 4600, 'train_loss': '0.2630'}
2020-11-23 12:43:04,966:INFO:{'epoch': 4, 'batch': 4700, 'train_loss': '0.4301'}
2020-11-23 12:43:31,572:INFO:{'epoch': 4, 'batch': 4800, 'train_loss': '0.0872'}
2020-11-23 12:43:58,152:INFO:{'epoch': 4, 'batch': 4900, 'train_loss': '0.5619'}
2020-11-23 12:44:24,749:INFO:{'epoch': 4, 'batch': 5000, 'train_loss': '0.3291'}
2020-11-23 12:44:51,351:INFO:{'epoch': 4, 'batch': 5100, 'train_loss': '0.5792'}
2020-11-23 12:45:17,939:INFO:{'epoch': 4, 'batch': 5200, 'train_loss': '0.3621'}
2020-11-23 12:45:44,541:INFO:{'epoch': 4, 'batch': 5300, 'train_loss': '0.1739'}
2020-11-23 12:46:11,137:INFO:{'epoch': 4, 'batch': 5400, 'train_loss': '0.0996'}
2020-11-23 12:46:37,736:INFO:{'epoch': 4, 'batch': 5500, 'train_loss': '0.3807'}
2020-11-23 12:47:04,336:INFO:{'epoch': 4, 'batch': 5600, 'train_loss': '0.2053'}
2020-11-23 12:47:30,915:INFO:{'epoch': 4, 'batch': 5700, 'train_loss': '0.6166'}
2020-11-23 12:47:57,507:INFO:{'epoch': 4, 'batch': 5800, 'train_loss': '0.0968'}
2020-11-23 12:48:24,092:INFO:{'epoch': 4, 'batch': 5900, 'train_loss': '0.3567'}
2020-11-23 12:48:50,687:INFO:{'epoch': 4, 'batch': 6000, 'train_loss': '0.5201'}
2020-11-23 12:49:17,272:INFO:{'epoch': 4, 'batch': 6100, 'train_loss': '0.4310'}
2020-11-23 12:49:43,869:INFO:{'epoch': 4, 'batch': 6200, 'train_loss': '0.4654'}
2020-11-23 12:50:04,623:INFO:{'epoch': 4, 'train_loss': '0.3096', 'accuracy': '0.891'}
2020-11-23 12:52:14,212:INFO:{'epoch': 4, 'val_loss': '0.3724', 'accuracy': '0.893'}
2020-11-23 12:52:16,710:INFO:{'epoch': 5, 'batch': 0, 'train_loss': '0.2332'}
2020-11-23 12:52:42,181:INFO:{'epoch': 5, 'batch': 100, 'train_loss': '0.1183'}
2020-11-23 12:53:08,501:INFO:{'epoch': 5, 'batch': 200, 'train_loss': '0.3098'}
2020-11-23 12:53:35,093:INFO:{'epoch': 5, 'batch': 300, 'train_loss': '0.4058'}
2020-11-23 12:54:01,678:INFO:{'epoch': 5, 'batch': 400, 'train_loss': '0.2478'}
2020-11-23 12:54:28,263:INFO:{'epoch': 5, 'batch': 500, 'train_loss': '0.3149'}
2020-11-23 12:54:54,858:INFO:{'epoch': 5, 'batch': 600, 'train_loss': '0.2847'}
2020-11-23 12:55:21,423:INFO:{'epoch': 5, 'batch': 700, 'train_loss': '0.3076'}
2020-11-23 12:55:48,022:INFO:{'epoch': 5, 'batch': 800, 'train_loss': '0.4773'}
2020-11-23 12:56:13,960:INFO:{'epoch': 5, 'batch': 900, 'train_loss': '0.5316'}
2020-11-23 12:56:39,517:INFO:{'epoch': 5, 'batch': 1000, 'train_loss': '0.3176'}
2020-11-23 12:57:05,121:INFO:{'epoch': 5, 'batch': 1100, 'train_loss': '0.3537'}
2020-11-23 12:57:30,719:INFO:{'epoch': 5, 'batch': 1200, 'train_loss': '0.4421'}
2020-11-23 12:57:56,313:INFO:{'epoch': 5, 'batch': 1300, 'train_loss': '0.1672'}
2020-11-23 12:58:21,923:INFO:{'epoch': 5, 'batch': 1400, 'train_loss': '0.2859'}
2020-11-23 12:58:47,505:INFO:{'epoch': 5, 'batch': 1500, 'train_loss': '0.2224'}
2020-11-23 12:59:13,277:INFO:{'epoch': 5, 'batch': 1600, 'train_loss': '0.2710'}
2020-11-23 12:59:39,881:INFO:{'epoch': 5, 'batch': 1700, 'train_loss': '0.4960'}
2020-11-23 13:00:06,480:INFO:{'epoch': 5, 'batch': 1800, 'train_loss': '0.2466'}
2020-11-23 13:00:33,059:INFO:{'epoch': 5, 'batch': 1900, 'train_loss': '0.1081'}
2020-11-23 13:00:59,656:INFO:{'epoch': 5, 'batch': 2000, 'train_loss': '0.2913'}
2020-11-23 13:01:26,252:INFO:{'epoch': 5, 'batch': 2100, 'train_loss': '0.3132'}
2020-11-23 13:01:52,867:INFO:{'epoch': 5, 'batch': 2200, 'train_loss': '0.3191'}
2020-11-23 13:02:18,980:INFO:{'epoch': 5, 'batch': 2300, 'train_loss': '0.4810'}
2020-11-23 13:02:44,582:INFO:{'epoch': 5, 'batch': 2400, 'train_loss': '0.3882'}
2020-11-23 13:03:10,173:INFO:{'epoch': 5, 'batch': 2500, 'train_loss': '0.1865'}
2020-11-23 13:03:35,789:INFO:{'epoch': 5, 'batch': 2600, 'train_loss': '0.1627'}
2020-11-23 13:04:01,365:INFO:{'epoch': 5, 'batch': 2700, 'train_loss': '0.4038'}
2020-11-23 13:04:26,980:INFO:{'epoch': 5, 'batch': 2800, 'train_loss': '0.2019'}
2020-11-23 13:04:52,573:INFO:{'epoch': 5, 'batch': 2900, 'train_loss': '0.3767'}
2020-11-23 13:05:18,229:INFO:{'epoch': 5, 'batch': 3000, 'train_loss': '0.1924'}
2020-11-23 13:05:43,620:INFO:{'epoch': 5, 'batch': 3100, 'train_loss': '0.2095'}
2020-11-23 13:06:09,754:INFO:{'epoch': 5, 'batch': 3200, 'train_loss': '0.3683'}
2020-11-23 13:06:35,204:INFO:{'epoch': 5, 'batch': 3300, 'train_loss': '0.1822'}
2020-11-23 13:07:00,690:INFO:{'epoch': 5, 'batch': 3400, 'train_loss': '0.3472'}
2020-11-23 13:07:26,093:INFO:{'epoch': 5, 'batch': 3500, 'train_loss': '0.0962'}
2020-11-23 13:07:51,468:INFO:{'epoch': 5, 'batch': 3600, 'train_loss': '0.4181'}
2020-11-23 13:08:17,046:INFO:{'epoch': 5, 'batch': 3700, 'train_loss': '0.2025'}
2020-11-23 13:08:42,721:INFO:{'epoch': 5, 'batch': 3800, 'train_loss': '0.0657'}
2020-11-23 13:09:08,530:INFO:{'epoch': 5, 'batch': 3900, 'train_loss': '0.3606'}
2020-11-23 13:09:34,355:INFO:{'epoch': 5, 'batch': 4000, 'train_loss': '0.9608'}
2020-11-23 13:10:00,109:INFO:{'epoch': 5, 'batch': 4100, 'train_loss': '0.5406'}
2020-11-23 13:10:25,904:INFO:{'epoch': 5, 'batch': 4200, 'train_loss': '0.4228'}
2020-11-23 13:10:51,706:INFO:{'epoch': 5, 'batch': 4300, 'train_loss': '0.1809'}
2020-11-23 13:11:17,606:INFO:{'epoch': 5, 'batch': 4400, 'train_loss': '0.2054'}
2020-11-23 13:11:43,194:INFO:{'epoch': 5, 'batch': 4500, 'train_loss': '0.4599'}
2020-11-23 13:12:08,963:INFO:{'epoch': 5, 'batch': 4600, 'train_loss': '0.4294'}
2020-11-23 13:12:35,566:INFO:{'epoch': 5, 'batch': 4700, 'train_loss': '0.1258'}
2020-11-23 13:13:02,190:INFO:{'epoch': 5, 'batch': 4800, 'train_loss': '0.2294'}
2020-11-23 13:13:28,173:INFO:{'epoch': 5, 'batch': 4900, 'train_loss': '0.2139'}
2020-11-23 13:13:53,721:INFO:{'epoch': 5, 'batch': 5000, 'train_loss': '0.2969'}
2020-11-23 13:14:19,338:INFO:{'epoch': 5, 'batch': 5100, 'train_loss': '0.3977'}
2020-11-23 13:14:44,888:INFO:{'epoch': 5, 'batch': 5200, 'train_loss': '0.0868'}
2020-11-23 13:15:10,410:INFO:{'epoch': 5, 'batch': 5300, 'train_loss': '0.3140'}
2020-11-23 13:15:36,020:INFO:{'epoch': 5, 'batch': 5400, 'train_loss': '0.5606'}
2020-11-23 13:16:01,834:INFO:{'epoch': 5, 'batch': 5500, 'train_loss': '0.4074'}
2020-11-23 13:16:27,651:INFO:{'epoch': 5, 'batch': 5600, 'train_loss': '0.4411'}
2020-11-23 13:16:53,213:INFO:{'epoch': 5, 'batch': 5700, 'train_loss': '0.0939'}
2020-11-23 13:17:18,809:INFO:{'epoch': 5, 'batch': 5800, 'train_loss': '0.3001'}
2020-11-23 13:17:44,534:INFO:{'epoch': 5, 'batch': 5900, 'train_loss': '0.2937'}
2020-11-23 13:18:10,292:INFO:{'epoch': 5, 'batch': 6000, 'train_loss': '0.3425'}
2020-11-23 13:18:36,358:INFO:{'epoch': 5, 'batch': 6100, 'train_loss': '0.2763'}
2020-11-23 13:19:02,944:INFO:{'epoch': 5, 'batch': 6200, 'train_loss': '0.1305'}
2020-11-23 13:19:23,709:INFO:{'epoch': 5, 'train_loss': '0.3034', 'accuracy': '0.891'}
2020-11-23 13:21:33,337:INFO:{'epoch': 5, 'val_loss': '0.5202', 'accuracy': '0.893'}
2020-11-23 13:21:35,840:INFO:{'epoch': 6, 'batch': 0, 'train_loss': '0.3565'}
2020-11-23 13:22:02,219:INFO:{'epoch': 6, 'batch': 100, 'train_loss': '0.3040'}
2020-11-23 13:22:27,823:INFO:{'epoch': 6, 'batch': 200, 'train_loss': '0.1041'}
2020-11-23 13:22:53,348:INFO:{'epoch': 6, 'batch': 300, 'train_loss': '0.4559'}
2020-11-23 13:23:18,744:INFO:{'epoch': 6, 'batch': 400, 'train_loss': '0.3209'}
2020-11-23 13:23:44,166:INFO:{'epoch': 6, 'batch': 500, 'train_loss': '0.0979'}
2020-11-23 13:24:09,566:INFO:{'epoch': 6, 'batch': 600, 'train_loss': '0.6112'}
2020-11-23 13:24:35,032:INFO:{'epoch': 6, 'batch': 700, 'train_loss': '0.2851'}
2020-11-23 13:25:00,766:INFO:{'epoch': 6, 'batch': 800, 'train_loss': '0.1693'}
2020-11-23 13:25:27,382:INFO:{'epoch': 6, 'batch': 900, 'train_loss': '0.2362'}
2020-11-23 13:25:53,321:INFO:{'epoch': 6, 'batch': 1000, 'train_loss': '0.2638'}
2020-11-23 13:26:19,056:INFO:{'epoch': 6, 'batch': 1100, 'train_loss': '0.2706'}
2020-11-23 13:26:44,895:INFO:{'epoch': 6, 'batch': 1200, 'train_loss': '0.6864'}
2020-11-23 13:27:10,709:INFO:{'epoch': 6, 'batch': 1300, 'train_loss': '0.2429'}
2020-11-23 13:27:36,249:INFO:{'epoch': 6, 'batch': 1400, 'train_loss': '0.1974'}
2020-11-23 13:28:01,798:INFO:{'epoch': 6, 'batch': 1500, 'train_loss': '0.3485'}
2020-11-23 13:28:27,478:INFO:{'epoch': 6, 'batch': 1600, 'train_loss': '0.1574'}
2020-11-23 13:28:53,084:INFO:{'epoch': 6, 'batch': 1700, 'train_loss': '0.3311'}
2020-11-23 13:29:19,129:INFO:{'epoch': 6, 'batch': 1800, 'train_loss': '0.3338'}
2020-11-23 13:29:44,543:INFO:{'epoch': 6, 'batch': 1900, 'train_loss': '0.2209'}
2020-11-23 13:30:10,116:INFO:{'epoch': 6, 'batch': 2000, 'train_loss': '0.2096'}
2020-11-23 13:30:35,719:INFO:{'epoch': 6, 'batch': 2100, 'train_loss': '0.3247'}
2020-11-23 13:31:01,501:INFO:{'epoch': 6, 'batch': 2200, 'train_loss': '0.1870'}
2020-11-23 13:31:28,086:INFO:{'epoch': 6, 'batch': 2300, 'train_loss': '0.4496'}
2020-11-23 13:31:54,663:INFO:{'epoch': 6, 'batch': 2400, 'train_loss': '0.3394'}
2020-11-23 13:32:21,248:INFO:{'epoch': 6, 'batch': 2500, 'train_loss': '0.3353'}
2020-11-23 13:32:47,834:INFO:{'epoch': 6, 'batch': 2600, 'train_loss': '0.3059'}
2020-11-23 13:33:14,408:INFO:{'epoch': 6, 'batch': 2700, 'train_loss': '0.2359'}
2020-11-23 13:33:40,994:INFO:{'epoch': 6, 'batch': 2800, 'train_loss': '0.2908'}
2020-11-23 13:34:06,856:INFO:{'epoch': 6, 'batch': 2900, 'train_loss': '0.2919'}
2020-11-23 13:34:32,655:INFO:{'epoch': 6, 'batch': 3000, 'train_loss': '0.4074'}
2020-11-23 13:34:58,517:INFO:{'epoch': 6, 'batch': 3100, 'train_loss': '0.2124'}
2020-11-23 13:35:24,227:INFO:{'epoch': 6, 'batch': 3200, 'train_loss': '0.8553'}
2020-11-23 13:35:49,651:INFO:{'epoch': 6, 'batch': 3300, 'train_loss': '0.3143'}
2020-11-23 13:36:15,463:INFO:{'epoch': 6, 'batch': 3400, 'train_loss': '0.0678'}
2020-11-23 13:36:42,033:INFO:{'epoch': 6, 'batch': 3500, 'train_loss': '0.2272'}
2020-11-23 13:37:08,577:INFO:{'epoch': 6, 'batch': 3600, 'train_loss': '0.2813'}
2020-11-23 13:37:35,137:INFO:{'epoch': 6, 'batch': 3700, 'train_loss': '0.3774'}
2020-11-23 13:38:00,836:INFO:{'epoch': 6, 'batch': 3800, 'train_loss': '0.3993'}
2020-11-23 13:38:26,274:INFO:{'epoch': 6, 'batch': 3900, 'train_loss': '0.3321'}
2020-11-23 13:38:51,831:INFO:{'epoch': 6, 'batch': 4000, 'train_loss': '0.4391'}
2020-11-23 13:39:17,431:INFO:{'epoch': 6, 'batch': 4100, 'train_loss': '0.3724'}
2020-11-23 13:39:43,062:INFO:{'epoch': 6, 'batch': 4200, 'train_loss': '0.1799'}
2020-11-23 13:40:08,530:INFO:{'epoch': 6, 'batch': 4300, 'train_loss': '0.3598'}
2020-11-23 13:40:34,012:INFO:{'epoch': 6, 'batch': 4400, 'train_loss': '0.3663'}
2020-11-23 13:40:59,607:INFO:{'epoch': 6, 'batch': 4500, 'train_loss': '0.1610'}
2020-11-23 13:41:25,187:INFO:{'epoch': 6, 'batch': 4600, 'train_loss': '0.3936'}
2020-11-23 13:41:50,787:INFO:{'epoch': 6, 'batch': 4700, 'train_loss': '0.1805'}
2020-11-23 13:42:16,405:INFO:{'epoch': 6, 'batch': 4800, 'train_loss': '0.2822'}
2020-11-23 13:42:42,016:INFO:{'epoch': 6, 'batch': 4900, 'train_loss': '0.2033'}
2020-11-23 13:43:07,604:INFO:{'epoch': 6, 'batch': 5000, 'train_loss': '0.2165'}
2020-11-23 13:43:33,204:INFO:{'epoch': 6, 'batch': 5100, 'train_loss': '0.2451'}
2020-11-23 13:43:58,807:INFO:{'epoch': 6, 'batch': 5200, 'train_loss': '0.1409'}
2020-11-23 13:44:24,849:INFO:{'epoch': 6, 'batch': 5300, 'train_loss': '0.1849'}
2020-11-23 13:44:51,447:INFO:{'epoch': 6, 'batch': 5400, 'train_loss': '0.3803'}
2020-11-23 13:45:17,681:INFO:{'epoch': 6, 'batch': 5500, 'train_loss': '0.3765'}
2020-11-23 13:45:43,131:INFO:{'epoch': 6, 'batch': 5600, 'train_loss': '0.1616'}
2020-11-23 13:46:08,870:INFO:{'epoch': 6, 'batch': 5700, 'train_loss': '0.4300'}
2020-11-23 13:46:35,425:INFO:{'epoch': 6, 'batch': 5800, 'train_loss': '0.1712'}
2020-11-23 13:47:01,655:INFO:{'epoch': 6, 'batch': 5900, 'train_loss': '0.1148'}
2020-11-23 13:47:27,817:INFO:{'epoch': 6, 'batch': 6000, 'train_loss': '0.3948'}
2020-11-23 13:47:53,318:INFO:{'epoch': 6, 'batch': 6100, 'train_loss': '0.2269'}
2020-11-23 13:48:18,917:INFO:{'epoch': 6, 'batch': 6200, 'train_loss': '0.2017'}
2020-11-23 13:48:38,899:INFO:{'epoch': 6, 'train_loss': '0.2979', 'accuracy': '0.891'}
2020-11-23 13:50:48,610:INFO:{'epoch': 6, 'val_loss': '0.3970', 'accuracy': '0.893'}
2020-11-23 13:50:51,110:INFO:{'epoch': 7, 'batch': 0, 'train_loss': '0.2218'}
2020-11-23 13:51:16,596:INFO:{'epoch': 7, 'batch': 100, 'train_loss': '0.3681'}
2020-11-23 13:51:42,142:INFO:{'epoch': 7, 'batch': 200, 'train_loss': '0.2053'}
2020-11-23 13:52:07,800:INFO:{'epoch': 7, 'batch': 300, 'train_loss': '0.3731'}
2020-11-23 13:52:33,512:INFO:{'epoch': 7, 'batch': 400, 'train_loss': '0.2734'}
2020-11-23 13:52:59,265:INFO:{'epoch': 7, 'batch': 500, 'train_loss': '0.4819'}
2020-11-23 13:53:24,830:INFO:{'epoch': 7, 'batch': 600, 'train_loss': '0.2183'}
2020-11-23 13:53:50,411:INFO:{'epoch': 7, 'batch': 700, 'train_loss': '0.4776'}
2020-11-23 13:54:16,057:INFO:{'epoch': 7, 'batch': 800, 'train_loss': '0.3538'}
2020-11-23 13:54:41,669:INFO:{'epoch': 7, 'batch': 900, 'train_loss': '0.3655'}
2020-11-23 13:55:07,477:INFO:{'epoch': 7, 'batch': 1000, 'train_loss': '0.3645'}
2020-11-23 13:55:33,113:INFO:{'epoch': 7, 'batch': 1100, 'train_loss': '0.2188'}
2020-11-23 13:55:59,011:INFO:{'epoch': 7, 'batch': 1200, 'train_loss': '0.2075'}
2020-11-23 13:56:24,770:INFO:{'epoch': 7, 'batch': 1300, 'train_loss': '0.1056'}
2020-11-23 13:56:50,833:INFO:{'epoch': 7, 'batch': 1400, 'train_loss': '0.2346'}
2020-11-23 13:57:16,748:INFO:{'epoch': 7, 'batch': 1500, 'train_loss': '0.1278'}
2020-11-23 13:57:42,696:INFO:{'epoch': 7, 'batch': 1600, 'train_loss': '0.3066'}
2020-11-23 13:58:08,391:INFO:{'epoch': 7, 'batch': 1700, 'train_loss': '0.7835'}
2020-11-23 13:58:34,179:INFO:{'epoch': 7, 'batch': 1800, 'train_loss': '0.1907'}
2020-11-23 13:59:00,048:INFO:{'epoch': 7, 'batch': 1900, 'train_loss': '0.4016'}
2020-11-23 13:59:26,022:INFO:{'epoch': 7, 'batch': 2000, 'train_loss': '0.1002'}
2020-11-23 13:59:51,909:INFO:{'epoch': 7, 'batch': 2100, 'train_loss': '0.4003'}
2020-11-23 14:00:17,429:INFO:{'epoch': 7, 'batch': 2200, 'train_loss': '0.3511'}
2020-11-23 14:00:43,275:INFO:{'epoch': 7, 'batch': 2300, 'train_loss': '0.3025'}
2020-11-23 14:01:09,116:INFO:{'epoch': 7, 'batch': 2400, 'train_loss': '0.1778'}
2020-11-23 14:01:35,043:INFO:{'epoch': 7, 'batch': 2500, 'train_loss': '0.2223'}
2020-11-23 14:02:00,650:INFO:{'epoch': 7, 'batch': 2600, 'train_loss': '0.5190'}
2020-11-23 14:02:26,256:INFO:{'epoch': 7, 'batch': 2700, 'train_loss': '0.2484'}
2020-11-23 14:02:52,151:INFO:{'epoch': 7, 'batch': 2800, 'train_loss': '0.0727'}
2020-11-23 14:03:17,973:INFO:{'epoch': 7, 'batch': 2900, 'train_loss': '0.1253'}
2020-11-23 14:03:43,804:INFO:{'epoch': 7, 'batch': 3000, 'train_loss': '0.3227'}
2020-11-23 14:04:09,608:INFO:{'epoch': 7, 'batch': 3100, 'train_loss': '0.1912'}
2020-11-23 14:04:35,388:INFO:{'epoch': 7, 'batch': 3200, 'train_loss': '0.3015'}
2020-11-23 14:05:01,248:INFO:{'epoch': 7, 'batch': 3300, 'train_loss': '0.1089'}
2020-11-23 14:05:27,140:INFO:{'epoch': 7, 'batch': 3400, 'train_loss': '0.3972'}
2020-11-23 14:05:53,148:INFO:{'epoch': 7, 'batch': 3500, 'train_loss': '0.3712'}
2020-11-23 14:06:18,989:INFO:{'epoch': 7, 'batch': 3600, 'train_loss': '0.2639'}
2020-11-23 14:06:44,595:INFO:{'epoch': 7, 'batch': 3700, 'train_loss': '0.3923'}
2020-11-23 14:07:10,223:INFO:{'epoch': 7, 'batch': 3800, 'train_loss': '0.2140'}
2020-11-23 14:07:35,773:INFO:{'epoch': 7, 'batch': 3900, 'train_loss': '0.5608'}
2020-11-23 14:08:01,372:INFO:{'epoch': 7, 'batch': 4000, 'train_loss': '0.4867'}
2020-11-23 14:08:27,033:INFO:{'epoch': 7, 'batch': 4100, 'train_loss': '0.1479'}
2020-11-23 14:08:52,966:INFO:{'epoch': 7, 'batch': 4200, 'train_loss': '0.1077'}
2020-11-23 14:09:18,913:INFO:{'epoch': 7, 'batch': 4300, 'train_loss': '0.1270'}
2020-11-23 14:09:44,824:INFO:{'epoch': 7, 'batch': 4400, 'train_loss': '0.4739'}
2020-11-23 14:10:10,663:INFO:{'epoch': 7, 'batch': 4500, 'train_loss': '0.4484'}
2020-11-23 14:10:36,513:INFO:{'epoch': 7, 'batch': 4600, 'train_loss': '0.4114'}
2020-11-23 14:11:02,525:INFO:{'epoch': 7, 'batch': 4700, 'train_loss': '0.1552'}
2020-11-23 14:11:28,406:INFO:{'epoch': 7, 'batch': 4800, 'train_loss': '0.0945'}
2020-11-23 14:11:54,046:INFO:{'epoch': 7, 'batch': 4900, 'train_loss': '0.2190'}
2020-11-23 14:12:20,001:INFO:{'epoch': 7, 'batch': 5000, 'train_loss': '0.3443'}
2020-11-23 14:12:45,779:INFO:{'epoch': 7, 'batch': 5100, 'train_loss': '0.4652'}
2020-11-23 14:13:11,518:INFO:{'epoch': 7, 'batch': 5200, 'train_loss': '0.1485'}
2020-11-23 14:13:37,308:INFO:{'epoch': 7, 'batch': 5300, 'train_loss': '0.2071'}
2020-11-23 14:14:02,848:INFO:{'epoch': 7, 'batch': 5400, 'train_loss': '0.2076'}
2020-11-23 14:14:28,645:INFO:{'epoch': 7, 'batch': 5500, 'train_loss': '0.4137'}
2020-11-23 14:14:54,101:INFO:{'epoch': 7, 'batch': 5600, 'train_loss': '0.3127'}
2020-11-23 14:15:19,633:INFO:{'epoch': 7, 'batch': 5700, 'train_loss': '0.1649'}
2020-11-23 14:15:45,307:INFO:{'epoch': 7, 'batch': 5800, 'train_loss': '0.1484'}
2020-11-23 14:16:10,866:INFO:{'epoch': 7, 'batch': 5900, 'train_loss': '0.5170'}
2020-11-23 14:16:36,432:INFO:{'epoch': 7, 'batch': 6000, 'train_loss': '0.5057'}
2020-11-23 14:17:02,025:INFO:{'epoch': 7, 'batch': 6100, 'train_loss': '0.2729'}
2020-11-23 14:17:27,878:INFO:{'epoch': 7, 'batch': 6200, 'train_loss': '0.1912'}
2020-11-23 14:17:48,044:INFO:{'epoch': 7, 'train_loss': '0.2927', 'accuracy': '0.891'}
2020-11-23 14:19:57,684:INFO:{'epoch': 7, 'val_loss': '0.5196', 'accuracy': '0.893'}
2020-11-23 14:20:00,211:INFO:{'epoch': 8, 'batch': 0, 'train_loss': '0.1691'}
2020-11-23 14:20:25,745:INFO:{'epoch': 8, 'batch': 100, 'train_loss': '0.3238'}
2020-11-23 14:20:51,592:INFO:{'epoch': 8, 'batch': 200, 'train_loss': '0.4387'}
2020-11-23 14:21:17,444:INFO:{'epoch': 8, 'batch': 300, 'train_loss': '0.5945'}
2020-11-23 14:21:43,292:INFO:{'epoch': 8, 'batch': 400, 'train_loss': '0.2024'}
2020-11-23 14:22:09,038:INFO:{'epoch': 8, 'batch': 500, 'train_loss': '0.1085'}
2020-11-23 14:22:35,065:INFO:{'epoch': 8, 'batch': 600, 'train_loss': '0.2712'}
2020-11-23 14:23:00,811:INFO:{'epoch': 8, 'batch': 700, 'train_loss': '0.6438'}
2020-11-23 14:23:26,639:INFO:{'epoch': 8, 'batch': 800, 'train_loss': '0.2116'}
2020-11-23 14:23:52,298:INFO:{'epoch': 8, 'batch': 900, 'train_loss': '0.4470'}
2020-11-23 14:24:18,227:INFO:{'epoch': 8, 'batch': 1000, 'train_loss': '0.3095'}
2020-11-23 14:24:43,975:INFO:{'epoch': 8, 'batch': 1100, 'train_loss': '0.2130'}
2020-11-23 14:25:09,487:INFO:{'epoch': 8, 'batch': 1200, 'train_loss': '0.3198'}
2020-11-23 14:25:35,069:INFO:{'epoch': 8, 'batch': 1300, 'train_loss': '0.0883'}
2020-11-23 14:26:00,901:INFO:{'epoch': 8, 'batch': 1400, 'train_loss': '0.1332'}
2020-11-23 14:26:26,750:INFO:{'epoch': 8, 'batch': 1500, 'train_loss': '0.2161'}
2020-11-23 14:26:52,468:INFO:{'epoch': 8, 'batch': 1600, 'train_loss': '0.2928'}
2020-11-23 14:27:18,387:INFO:{'epoch': 8, 'batch': 1700, 'train_loss': '0.4924'}
2020-11-23 14:27:44,236:INFO:{'epoch': 8, 'batch': 1800, 'train_loss': '0.2895'}
2020-11-23 14:28:10,030:INFO:{'epoch': 8, 'batch': 1900, 'train_loss': '0.3814'}
2020-11-23 14:28:35,783:INFO:{'epoch': 8, 'batch': 2000, 'train_loss': '0.6468'}
2020-11-23 14:29:01,412:INFO:{'epoch': 8, 'batch': 2100, 'train_loss': '0.2267'}
2020-11-23 14:29:26,891:INFO:{'epoch': 8, 'batch': 2200, 'train_loss': '0.3554'}
2020-11-23 14:29:52,865:INFO:{'epoch': 8, 'batch': 2300, 'train_loss': '0.0829'}
2020-11-23 14:30:18,653:INFO:{'epoch': 8, 'batch': 2400, 'train_loss': '0.4645'}
2020-11-23 14:30:44,408:INFO:{'epoch': 8, 'batch': 2500, 'train_loss': '0.1229'}
2020-11-23 14:31:09,999:INFO:{'epoch': 8, 'batch': 2600, 'train_loss': '0.1452'}
2020-11-23 14:31:35,788:INFO:{'epoch': 8, 'batch': 2700, 'train_loss': '0.1607'}
2020-11-23 14:32:01,471:INFO:{'epoch': 8, 'batch': 2800, 'train_loss': '0.3685'}
2020-11-23 14:32:27,292:INFO:{'epoch': 8, 'batch': 2900, 'train_loss': '0.5360'}
2020-11-23 14:32:53,380:INFO:{'epoch': 8, 'batch': 3000, 'train_loss': '0.4165'}
2020-11-23 14:33:19,186:INFO:{'epoch': 8, 'batch': 3100, 'train_loss': '0.2995'}
2020-11-23 14:33:44,828:INFO:{'epoch': 8, 'batch': 3200, 'train_loss': '0.3963'}
2020-11-23 14:34:10,544:INFO:{'epoch': 8, 'batch': 3300, 'train_loss': '0.1964'}
2020-11-23 14:34:36,357:INFO:{'epoch': 8, 'batch': 3400, 'train_loss': '0.2843'}
2020-11-23 14:35:02,007:INFO:{'epoch': 8, 'batch': 3500, 'train_loss': '0.1673'}
2020-11-23 14:35:27,623:INFO:{'epoch': 8, 'batch': 3600, 'train_loss': '0.2559'}
2020-11-23 14:35:53,300:INFO:{'epoch': 8, 'batch': 3700, 'train_loss': '0.3830'}
2020-11-23 14:36:19,170:INFO:{'epoch': 8, 'batch': 3800, 'train_loss': '0.3941'}
2020-11-23 14:36:44,962:INFO:{'epoch': 8, 'batch': 3900, 'train_loss': '0.3350'}
2020-11-23 14:37:11,006:INFO:{'epoch': 8, 'batch': 4000, 'train_loss': '0.5313'}
2020-11-23 14:37:36,871:INFO:{'epoch': 8, 'batch': 4100, 'train_loss': '0.4156'}
2020-11-23 14:38:02,675:INFO:{'epoch': 8, 'batch': 4200, 'train_loss': '0.1753'}
2020-11-23 14:38:28,497:INFO:{'epoch': 8, 'batch': 4300, 'train_loss': '0.2167'}
2020-11-23 14:38:53,977:INFO:{'epoch': 8, 'batch': 4400, 'train_loss': '0.5121'}
2020-11-23 14:39:19,457:INFO:{'epoch': 8, 'batch': 4500, 'train_loss': '0.3500'}
2020-11-23 14:39:45,605:INFO:{'epoch': 8, 'batch': 4600, 'train_loss': '0.2652'}
2020-11-23 14:40:11,723:INFO:{'epoch': 8, 'batch': 4700, 'train_loss': '0.3838'}
2020-11-23 14:40:37,303:INFO:{'epoch': 8, 'batch': 4800, 'train_loss': '0.1514'}
2020-11-23 14:41:03,096:INFO:{'epoch': 8, 'batch': 4900, 'train_loss': '0.3539'}
2020-11-23 14:41:28,935:INFO:{'epoch': 8, 'batch': 5000, 'train_loss': '0.2061'}
2020-11-23 14:41:54,833:INFO:{'epoch': 8, 'batch': 5100, 'train_loss': '0.4525'}
2020-11-23 14:42:20,406:INFO:{'epoch': 8, 'batch': 5200, 'train_loss': '0.4484'}
2020-11-23 14:42:46,081:INFO:{'epoch': 8, 'batch': 5300, 'train_loss': '0.4133'}
2020-11-23 14:43:12,060:INFO:{'epoch': 8, 'batch': 5400, 'train_loss': '0.2686'}
2020-11-23 14:43:38,241:INFO:{'epoch': 8, 'batch': 5500, 'train_loss': '0.2540'}
2020-11-23 14:44:04,080:INFO:{'epoch': 8, 'batch': 5600, 'train_loss': '0.2977'}
2020-11-23 14:44:30,121:INFO:{'epoch': 8, 'batch': 5700, 'train_loss': '0.6101'}
2020-11-23 14:44:55,676:INFO:{'epoch': 8, 'batch': 5800, 'train_loss': '0.3662'}
2020-11-23 14:45:21,395:INFO:{'epoch': 8, 'batch': 5900, 'train_loss': '0.3158'}
2020-11-23 14:45:47,047:INFO:{'epoch': 8, 'batch': 6000, 'train_loss': '0.3628'}
2020-11-23 14:46:12,597:INFO:{'epoch': 8, 'batch': 6100, 'train_loss': '0.0872'}
2020-11-23 14:46:38,230:INFO:{'epoch': 8, 'batch': 6200, 'train_loss': '0.1288'}
2020-11-23 14:46:58,431:INFO:{'epoch': 8, 'train_loss': '0.2949', 'accuracy': '0.891'}
2020-11-23 14:49:08,093:INFO:{'epoch': 8, 'val_loss': '0.5065', 'accuracy': '0.893'}
2020-11-23 14:49:10,619:INFO:{'epoch': 9, 'batch': 0, 'train_loss': '0.3063'}
2020-11-23 14:49:36,471:INFO:{'epoch': 9, 'batch': 100, 'train_loss': '0.2905'}
2020-11-23 14:50:02,278:INFO:{'epoch': 9, 'batch': 200, 'train_loss': '0.1029'}
2020-11-23 14:50:28,209:INFO:{'epoch': 9, 'batch': 300, 'train_loss': '0.2035'}
2020-11-23 14:50:54,124:INFO:{'epoch': 9, 'batch': 400, 'train_loss': '0.3044'}
2020-11-23 14:51:19,918:INFO:{'epoch': 9, 'batch': 500, 'train_loss': '0.0890'}
2020-11-23 14:51:45,404:INFO:{'epoch': 9, 'batch': 600, 'train_loss': '0.4383'}
2020-11-23 14:52:10,934:INFO:{'epoch': 9, 'batch': 700, 'train_loss': '0.0767'}
2020-11-23 14:52:36,617:INFO:{'epoch': 9, 'batch': 800, 'train_loss': '0.1084'}
2020-11-23 14:53:03,065:INFO:{'epoch': 9, 'batch': 900, 'train_loss': '0.2105'}
2020-11-23 14:53:29,030:INFO:{'epoch': 9, 'batch': 1000, 'train_loss': '0.4030'}
2020-11-23 14:53:55,119:INFO:{'epoch': 9, 'batch': 1100, 'train_loss': '0.1722'}
2020-11-23 14:54:20,948:INFO:{'epoch': 9, 'batch': 1200, 'train_loss': '0.0818'}
2020-11-23 14:54:46,713:INFO:{'epoch': 9, 'batch': 1300, 'train_loss': '0.2689'}
2020-11-23 14:55:12,683:INFO:{'epoch': 9, 'batch': 1400, 'train_loss': '0.2489'}
2020-11-23 14:55:38,446:INFO:{'epoch': 9, 'batch': 1500, 'train_loss': '0.4471'}
2020-11-23 14:56:04,046:INFO:{'epoch': 9, 'batch': 1600, 'train_loss': '0.2141'}
2020-11-23 14:56:29,586:INFO:{'epoch': 9, 'batch': 1700, 'train_loss': '0.3182'}
2020-11-23 14:56:55,123:INFO:{'epoch': 9, 'batch': 1800, 'train_loss': '0.3458'}
2020-11-23 14:57:20,803:INFO:{'epoch': 9, 'batch': 1900, 'train_loss': '0.0877'}
2020-11-23 14:57:46,854:INFO:{'epoch': 9, 'batch': 2000, 'train_loss': '0.3226'}
2020-11-23 14:58:12,721:INFO:{'epoch': 9, 'batch': 2100, 'train_loss': '0.2997'}
2020-11-23 14:58:38,655:INFO:{'epoch': 9, 'batch': 2200, 'train_loss': '0.2323'}
2020-11-23 14:59:04,739:INFO:{'epoch': 9, 'batch': 2300, 'train_loss': '0.2893'}
2020-11-23 14:59:30,695:INFO:{'epoch': 9, 'batch': 2400, 'train_loss': '0.0918'}
2020-11-23 14:59:56,697:INFO:{'epoch': 9, 'batch': 2500, 'train_loss': '0.3264'}
2020-11-23 15:00:22,307:INFO:{'epoch': 9, 'batch': 2600, 'train_loss': '0.2998'}
2020-11-23 15:00:48,084:INFO:{'epoch': 9, 'batch': 2700, 'train_loss': '0.5557'}
2020-11-23 15:01:13,897:INFO:{'epoch': 9, 'batch': 2800, 'train_loss': '0.3212'}
2020-11-23 15:01:39,754:INFO:{'epoch': 9, 'batch': 2900, 'train_loss': '0.2569'}
2020-11-23 15:02:05,420:INFO:{'epoch': 9, 'batch': 3000, 'train_loss': '0.1722'}
2020-11-23 15:02:31,587:INFO:{'epoch': 9, 'batch': 3100, 'train_loss': '0.0807'}
2020-11-23 15:02:57,599:INFO:{'epoch': 9, 'batch': 3200, 'train_loss': '0.3548'}
2020-11-23 15:03:23,116:INFO:{'epoch': 9, 'batch': 3300, 'train_loss': '0.4165'}
2020-11-23 15:03:48,605:INFO:{'epoch': 9, 'batch': 3400, 'train_loss': '0.3418'}
2020-11-23 15:04:14,174:INFO:{'epoch': 9, 'batch': 3500, 'train_loss': '0.1728'}
2020-11-23 15:04:39,909:INFO:{'epoch': 9, 'batch': 3600, 'train_loss': '0.1924'}
2020-11-23 15:05:05,748:INFO:{'epoch': 9, 'batch': 3700, 'train_loss': '0.3990'}
2020-11-23 15:05:31,696:INFO:{'epoch': 9, 'batch': 3800, 'train_loss': '0.4870'}
2020-11-23 15:05:57,592:INFO:{'epoch': 9, 'batch': 3900, 'train_loss': '0.2640'}
2020-11-23 15:06:23,493:INFO:{'epoch': 9, 'batch': 4000, 'train_loss': '0.4165'}
2020-11-23 15:06:49,384:INFO:{'epoch': 9, 'batch': 4100, 'train_loss': '0.1642'}
2020-11-23 15:07:14,896:INFO:{'epoch': 9, 'batch': 4200, 'train_loss': '0.4197'}
2020-11-23 15:07:40,610:INFO:{'epoch': 9, 'batch': 4300, 'train_loss': '0.2400'}
2020-11-23 15:08:06,233:INFO:{'epoch': 9, 'batch': 4400, 'train_loss': '0.0812'}
2020-11-23 15:08:31,819:INFO:{'epoch': 9, 'batch': 4500, 'train_loss': '0.2016'}
2020-11-23 15:08:57,338:INFO:{'epoch': 9, 'batch': 4600, 'train_loss': '0.5646'}
2020-11-23 15:09:22,920:INFO:{'epoch': 9, 'batch': 4700, 'train_loss': '0.2745'}
2020-11-23 15:09:48,763:INFO:{'epoch': 9, 'batch': 4800, 'train_loss': '0.4132'}
2020-11-23 15:10:14,628:INFO:{'epoch': 9, 'batch': 4900, 'train_loss': '0.4068'}
2020-11-23 15:10:40,155:INFO:{'epoch': 9, 'batch': 5000, 'train_loss': '0.1034'}
2020-11-23 15:11:05,819:INFO:{'epoch': 9, 'batch': 5100, 'train_loss': '0.4598'}
2020-11-23 15:11:31,397:INFO:{'epoch': 9, 'batch': 5200, 'train_loss': '0.2756'}
2020-11-23 15:11:57,017:INFO:{'epoch': 9, 'batch': 5300, 'train_loss': '0.0476'}
2020-11-23 15:12:22,609:INFO:{'epoch': 9, 'batch': 5400, 'train_loss': '0.1611'}
2020-11-23 15:12:48,159:INFO:{'epoch': 9, 'batch': 5500, 'train_loss': '0.3278'}
2020-11-23 15:13:13,798:INFO:{'epoch': 9, 'batch': 5600, 'train_loss': '0.1758'}
2020-11-23 15:13:39,406:INFO:{'epoch': 9, 'batch': 5700, 'train_loss': '0.2652'}
2020-11-23 15:14:04,971:INFO:{'epoch': 9, 'batch': 5800, 'train_loss': '0.2901'}
2020-11-23 15:14:30,593:INFO:{'epoch': 9, 'batch': 5900, 'train_loss': '0.3722'}
2020-11-23 15:14:56,201:INFO:{'epoch': 9, 'batch': 6000, 'train_loss': '0.5580'}
2020-11-23 15:15:21,819:INFO:{'epoch': 9, 'batch': 6100, 'train_loss': '0.1088'}
2020-11-23 15:15:47,405:INFO:{'epoch': 9, 'batch': 6200, 'train_loss': '0.2655'}
2020-11-23 15:16:07,408:INFO:{'epoch': 9, 'train_loss': '0.2904', 'accuracy': '0.891'}
2020-11-23 15:18:16,918:INFO:{'epoch': 9, 'val_loss': '0.6547', 'accuracy': '0.893'}
2020-11-23 15:18:18,988:INFO:- No improvement in a while, stopping training...
2020-11-23 16:55:24,963:INFO:Namespace(batch_size=16, lr=0.001, max_epochs=10, model_dir='experiments/bert', patience=5, restore_file='None', seed=100, shuffle=False, val_split=0.2)
2020-11-23 16:55:52,465:INFO:Namespace(batch_size=16, lr=0.001, max_epochs=1, model_dir='experiments/bert', patience=5, restore_file='None', seed=100, shuffle=False, val_split=0.2)
2020-11-23 16:56:35,211:INFO:Restoring parameters from experiments/bert/None.pth.tar
2020-11-23 16:59:48,252:INFO:Namespace(batch_size=16, lr=0.001, max_epochs=1, model_dir='experiments/bert', patience=5, restore_file='None', seed=100, shuffle=False, val_split=0.2)
2020-11-23 17:00:31,372:INFO:Restoring parameters from experiments/bert/None.pth.tar
2020-11-23 17:01:48,558:INFO:Namespace(batch_size=16, lr=0.001, max_epochs=1, model_dir='experiments/bert', patience=5, restore_file='None', seed=100, shuffle=False, val_split=0.2)
2020-11-23 17:02:31,619:INFO:Restoring parameters from experiments/bert/None.pth.tar
2020-11-23 17:04:01,435:INFO:Namespace(batch_size=16, lr=0.001, max_epochs=1, model_dir='experiments/bert', patience=5, restore_file='None', seed=100, shuffle=False, val_split=0.2)
2020-11-23 17:04:44,440:INFO:Restoring parameters from experiments/bert/None.pth.tar
2020-11-23 17:20:36,232:INFO:Namespace(batch_size=16, lr=0.001, max_epochs=1, model_dir='experiments/bert', patience=5, restore_file='None', seed=100, shuffle=False, val_split=0.2)
2020-11-23 17:21:19,624:INFO:Restoring parameters from experiments/bert/None.pth.tar
2020-11-23 17:26:18,802:INFO:Namespace(batch_size=16, lr=0.001, max_epochs=1, model_dir='experiments/bert', patience=5, restore_file='None', seed=100, shuffle=False, val_split=0.2)
2020-11-23 17:27:01,881:INFO:Restoring parameters from experiments/bert/None.pth.tar
2020-11-23 17:28:23,950:INFO:Namespace(batch_size=16, lr=0.001, max_epochs=1, model_dir='experiments/bert', patience=5, restore_file='None', seed=100, shuffle=False, val_split=0.2)
2020-11-23 17:29:07,029:INFO:Restoring parameters from experiments/bert/None.pth.tar
2020-11-23 17:31:15,692:INFO:{'epoch': 0, 'val_loss': '0.7292', 'accuracy': '0.382'}
2020-11-23 17:47:25,468:INFO:Namespace(batch_size=16, lr=0.001, max_epochs=1, model_dir='experiments/bert', patience=5, restore_file='None', seed=100, shuffle=False, val_split=0.2)
2020-11-23 17:48:10,174:INFO:Restoring parameters from experiments/bert/None.pth.tar
2020-11-23 17:51:49,985:INFO:Namespace(batch_size=16, lr=0.001, max_epochs=1, model_dir='experiments/bert', patience=5, restore_file='None', seed=100, shuffle=False, val_split=0.2)
2020-11-23 17:52:43,834:INFO:Restoring parameters from experiments/bert/None.pth.tar
2020-11-23 17:53:12,231:INFO:Namespace(batch_size=16, lr=0.001, max_epochs=1, model_dir='experiments/bert', patience=5, restore_file='None', seed=100, shuffle=False, val_split=0.2)
2020-11-23 17:53:56,319:INFO:Restoring parameters from experiments/bert/None.pth.tar
2020-11-23 17:56:27,029:INFO:Namespace(batch_size=16, lr=0.001, max_epochs=1, model_dir='experiments/bert', patience=5, restore_file='None', seed=100, shuffle=False, val_split=0.2)
2020-11-23 17:57:10,798:INFO:Restoring parameters from experiments/bert/None.pth.tar
2020-11-23 17:57:56,418:INFO:Namespace(batch_size=16, lr=0.001, max_epochs=1, model_dir='experiments/bert', patience=5, restore_file='None', seed=100, shuffle=False, val_split=0.2)
2020-11-23 17:58:03,652:INFO:Namespace(batch_size=16, lr=0.001, max_epochs=1, model_dir='experiments/bert', patience=5, restore_file='None', seed=100, shuffle=False, val_split=0.2)
2020-11-23 17:58:47,674:INFO:Restoring parameters from experiments/bert/None.pth.tar
2020-11-23 18:00:58,144:INFO:{'epoch': 0, 'val_loss': '0.7292', 'accuracy': '0.382'}
2020-11-23 18:03:53,262:INFO:Namespace(batch_size=16, lr=0.001, max_epochs=1, model_dir='experiments/bert', patience=5, restore_file='None', seed=100, shuffle=False, val_split=0.2)
2020-11-23 18:04:37,137:INFO:Restoring parameters from experiments/bert/None.pth.tar
2020-11-23 18:06:47,986:INFO:{'epoch': 0, 'val_loss': '0.7292', 'accuracy': '0.382'}
2020-11-23 18:26:24,824:INFO:Namespace(batch_size=16, lr=0.001, max_epochs=1, model_dir='experiments/bert', patience=5, restore_file='None', seed=100, shuffle=False, val_split=0.2)
2020-11-23 18:26:31,788:INFO:Namespace(batch_size=16, lr=0.001, max_epochs=1, model_dir='experiments/bert', patience=5, restore_file='best', seed=100, shuffle=False, val_split=0.2)
2020-11-23 18:27:15,293:INFO:Restoring parameters from experiments/bert/best.pth.tar
2020-11-23 18:29:22,700:INFO:{'epoch': 0, 'val_loss': '0.3522', 'accuracy': '0.893'}
2020-11-23 18:29:22,700:INFO:{'f1-score': '0.000', 'recall': '0.000', 'precision': '0.000'}
2020-11-23 18:29:25,702:INFO:- Found new best accuracy
2020-11-23 18:33:26,994:INFO:Namespace(batch_size=16, lr=0.001, max_epochs=1, model_dir='experiments/bert', patience=5, restore_file='best', seed=100, shuffle=False, val_split=0.2)
2020-11-23 18:34:09,906:INFO:Restoring parameters from experiments/bert/best.pth.tar
2020-11-23 18:37:01,967:INFO:Namespace(batch_size=16, lr=0.001, max_epochs=1, model_dir='experiments/bert', patience=5, restore_file='best', seed=100, shuffle=False, val_split=0.2)
2020-11-23 18:37:45,251:INFO:Restoring parameters from experiments/bert/best.pth.tar
2020-11-23 18:38:05,324:INFO:Namespace(batch_size=16, lr=0.001, max_epochs=1, model_dir='experiments/bert', patience=5, restore_file='best', seed=100, shuffle=False, val_split=0.2)
2020-11-23 18:38:48,245:INFO:Restoring parameters from experiments/bert/best.pth.tar
2020-11-23 18:40:55,885:INFO:{'epoch': 0, 'val_loss': '0.3522', 'accuracy': '0.893'}
2020-11-23 18:40:55,886:INFO:{'f1-score': '0.000', 'recall': '0.000', 'precision': '0.000'}
2020-11-23 18:40:58,916:INFO:- Found new best accuracy
